<?xml version="1.0" encoding="UTF-8"?>
<!-- Generated by org.testng.reporters.JUnitXMLReporter -->
<testsuite ignored="0" hostname="LAPTOP-KFN7P21J" failures="0" tests="7" name="Default test" time="19.785" errors="0" timestamp="2023-02-22T13:12:47 IST">
  <testcase classname="tests.BuyOrderFunctionality" name="@BeforeMethod StartBrowser" time="5.214">
    <failure type="org.openqa.selenium.SessionNotCreatedException" message="session not created: This version of ChromeDriver only supports Chrome version 86
Current browser version is 110.0.5481.104 with binary path C:\Program Files\Google\Chrome\Application\chrome.exe
Build info: version: &amp;apos;3.141.59&amp;apos;, revision: &amp;apos;e82be7d358&amp;apos;, time: &amp;apos;2018-11-14T08:17:03&amp;apos;
System info: host: &amp;apos;LAPTOP-KFN7P21J&amp;apos;, ip: &amp;apos;192.168.1.6&amp;apos;, os.name: &amp;apos;Windows 10&amp;apos;, os.arch: &amp;apos;amd64&amp;apos;, os.version: &amp;apos;10.0&amp;apos;, java.version: &amp;apos;17.0.1&amp;apos;
Driver info: driver.version: ChromeDriver
remote stacktrace: Backtrace:
	Ordinal0 [0x012BC013+3194899]
	Ordinal0 [0x011A6021+2056225]
	Ordinal0 [0x0103F608+587272]
	Ordinal0 [0x00FC1BF3+72691]
	Ordinal0 [0x00FBE229+57897]
	Ordinal0 [0x00FBC64A+50762]
	Ordinal0 [0x00FE1EE9+204521]
	Ordinal0 [0x00FE1D0D+204045]
	Ordinal0 [0x00FDFC1B+195611]
	Ordinal0 [0x00FC3B7F+80767]
	Ordinal0 [0x00FC4B4E+84814]
	Ordinal0 [0x00FC4AD9+84697]
	Ordinal0 [0x011BCE64+2149988]
	GetHandleVerifier [0x0142BE95+1400773]
	GetHandleVerifier [0x0142BB61+1399953]
	GetHandleVerifier [0x014331FA+1430314]
	GetHandleVerifier [0x0142C69F+1402831]
	Ordinal0 [0x011B3D61+2112865]
	Ordinal0 [0x011BE5CB+2155979]
	Ordinal0 [0x011BE6F5+2156277]
	Ordinal0 [0x011CF26E+2224750]
	BaseThreadInitThunk [0x75CD7D69+25]
	RtlInitializeExceptionChain [0x7761BB9B+107]
	RtlClearBits [0x7761BB1F+191]
">
      <![CDATA[org.openqa.selenium.SessionNotCreatedException: session not created: This version of ChromeDriver only supports Chrome version 86
Current browser version is 110.0.5481.104 with binary path C:\Program Files\Google\Chrome\Application\chrome.exe
Build info: version: '3.141.59', revision: 'e82be7d358', time: '2018-11-14T08:17:03'
System info: host: 'LAPTOP-KFN7P21J', ip: '192.168.1.6', os.name: 'Windows 10', os.arch: 'amd64', os.version: '10.0', java.version: '17.0.1'
Driver info: driver.version: ChromeDriver
remote stacktrace: Backtrace:
Ordinal0 [0x012BC013+3194899]
Ordinal0 [0x011A6021+2056225]
Ordinal0 [0x0103F608+587272]
Ordinal0 [0x00FC1BF3+72691]
Ordinal0 [0x00FBE229+57897]
Ordinal0 [0x00FBC64A+50762]
Ordinal0 [0x00FE1EE9+204521]
Ordinal0 [0x00FE1D0D+204045]
Ordinal0 [0x00FDFC1B+195611]
Ordinal0 [0x00FC3B7F+80767]
Ordinal0 [0x00FC4B4E+84814]
Ordinal0 [0x00FC4AD9+84697]
Ordinal0 [0x011BCE64+2149988]
GetHandleVerifier [0x0142BE95+1400773]
GetHandleVerifier [0x0142BB61+1399953]
GetHandleVerifier [0x014331FA+1430314]
GetHandleVerifier [0x0142C69F+1402831]
Ordinal0 [0x011B3D61+2112865]
Ordinal0 [0x011BE5CB+2155979]
Ordinal0 [0x011BE6F5+2156277]
Ordinal0 [0x011CF26E+2224750]
BaseThreadInitThunk [0x75CD7D69+25]
RtlInitializeExceptionChain [0x7761BB9B+107]
RtlClearBits [0x7761BB1F+191]

at java.base/jdk.internal.reflect.NativeConstructorAccessorImpl.newInstance0(Native Method)
at java.base/jdk.internal.reflect.NativeConstructorAccessorImpl.newInstance(NativeConstructorAccessorImpl.java:77)
at java.base/jdk.internal.reflect.DelegatingConstructorAccessorImpl.newInstance(DelegatingConstructorAccessorImpl.java:45)
at java.base/java.lang.reflect.Constructor.newInstanceWithCaller(Constructor.java:499)
at java.base/java.lang.reflect.Constructor.newInstance(Constructor.java:480)
at org.openqa.selenium.remote.W3CHandshakeResponse.lambda$errorHandler$0(W3CHandshakeResponse.java:62)
at org.openqa.selenium.remote.HandshakeResponse.lambda$getResponseFunction$0(HandshakeResponse.java:30)
at org.openqa.selenium.remote.ProtocolHandshake.lambda$createSession$0(ProtocolHandshake.java:126)
at java.base/java.util.stream.ReferencePipeline$3$1.accept(ReferencePipeline.java:197)
at java.base/java.util.Spliterators$ArraySpliterator.tryAdvance(Spliterators.java:1002)
at java.base/java.util.stream.ReferencePipeline.forEachWithCancel(ReferencePipeline.java:129)
at java.base/java.util.stream.AbstractPipeline.copyIntoWithCancel(AbstractPipeline.java:527)
at java.base/java.util.stream.AbstractPipeline.copyInto(AbstractPipeline.java:513)
at java.base/java.util.stream.AbstractPipeline.wrapAndCopyInto(AbstractPipeline.java:499)
at java.base/java.util.stream.FindOps$FindOp.evaluateSequential(FindOps.java:150)
at java.base/java.util.stream.AbstractPipeline.evaluate(AbstractPipeline.java:234)
at java.base/java.util.stream.ReferencePipeline.findFirst(ReferencePipeline.java:647)
at org.openqa.selenium.remote.ProtocolHandshake.createSession(ProtocolHandshake.java:128)
at org.openqa.selenium.remote.ProtocolHandshake.createSession(ProtocolHandshake.java:74)
at org.openqa.selenium.remote.HttpCommandExecutor.execute(HttpCommandExecutor.java:136)
at org.openqa.selenium.remote.service.DriverCommandExecutor.execute(DriverCommandExecutor.java:83)
at org.openqa.selenium.remote.RemoteWebDriver.execute(RemoteWebDriver.java:552)
at org.openqa.selenium.remote.RemoteWebDriver.startSession(RemoteWebDriver.java:213)
at org.openqa.selenium.remote.RemoteWebDriver.<init>(RemoteWebDriver.java:131)
at org.openqa.selenium.chrome.ChromeDriver.<init>(ChromeDriver.java:181)
at org.openqa.selenium.chrome.ChromeDriver.<init>(ChromeDriver.java:168)
at org.openqa.selenium.chrome.ChromeDriver.<init>(ChromeDriver.java:123)
at util.BrowserFactory.LaunchBrowser(BrowserFactory.java:20)
at tests.BuyOrderFunctionality.StartBrowser(BuyOrderFunctionality.java:43)
at java.base/jdk.internal.reflect.NativeMethodAccessorImpl.invoke0(Native Method)
at java.base/jdk.internal.reflect.NativeMethodAccessorImpl.invoke(NativeMethodAccessorImpl.java:77)
at java.base/jdk.internal.reflect.DelegatingMethodAccessorImpl.invoke(DelegatingMethodAccessorImpl.java:43)
at java.base/java.lang.reflect.Method.invoke(Method.java:568)
at org.testng.internal.MethodInvocationHelper.invokeMethod(MethodInvocationHelper.java:133)
at org.testng.internal.MethodInvocationHelper.invokeMethodConsideringTimeout(MethodInvocationHelper.java:62)
at org.testng.internal.ConfigInvoker.invokeConfigurationMethod(ConfigInvoker.java:385)
at org.testng.internal.ConfigInvoker.invokeConfigurations(ConfigInvoker.java:321)
at org.testng.internal.TestInvoker.runConfigMethods(TestInvoker.java:700)
at org.testng.internal.TestInvoker.invokeMethod(TestInvoker.java:527)
at org.testng.internal.TestInvoker.invokeTestMethod(TestInvoker.java:173)
at org.testng.internal.MethodRunner.runInSequence(MethodRunner.java:46)
at org.testng.internal.TestInvoker$MethodInvocationAgent.invoke(TestInvoker.java:824)
at org.testng.internal.TestInvoker.invokeTestMethods(TestInvoker.java:146)
at org.testng.internal.TestMethodWorker.invokeTestMethods(TestMethodWorker.java:146)
at org.testng.internal.TestMethodWorker.run(TestMethodWorker.java:128)
at java.base/java.util.ArrayList.forEach(ArrayList.java:1511)
at org.testng.TestRunner.privateRun(TestRunner.java:794)
at org.testng.TestRunner.run(TestRunner.java:596)
at org.testng.SuiteRunner.runTest(SuiteRunner.java:377)
at org.testng.SuiteRunner.runSequentially(SuiteRunner.java:371)
at org.testng.SuiteRunner.privateRun(SuiteRunner.java:332)
at org.testng.SuiteRunner.run(SuiteRunner.java:276)
at org.testng.SuiteRunnerWorker.runSuite(SuiteRunnerWorker.java:53)
at org.testng.SuiteRunnerWorker.run(SuiteRunnerWorker.java:96)
at org.testng.TestNG.runSuitesSequentially(TestNG.java:1212)
at org.testng.TestNG.runSuitesLocally(TestNG.java:1134)
at org.testng.TestNG.runSuites(TestNG.java:1063)
at org.testng.TestNG.run(TestNG.java:1031)
at org.testng.remote.AbstractRemoteTestNG.run(AbstractRemoteTestNG.java:115)
at org.testng.remote.RemoteTestNG.initAndRun(RemoteTestNG.java:251)
at org.testng.remote.RemoteTestNG.main(RemoteTestNG.java:77)
]]>
    </failure>
  </testcase> <!-- @BeforeMethod StartBrowser -->
  <testcase classname="tests.BuyOrderFunctionality" name="@AfterMethod CloseBrowser" time="-1.677051752491E9">
    <skipped/>
  </testcase> <!-- @AfterMethod CloseBrowser -->
  <testcase classname="tests.VerifyInvalidEmailAddressError" name="@BeforeMethod StartBrowser" time="2.225">
    <failure type="org.openqa.selenium.SessionNotCreatedException" message="session not created: This version of ChromeDriver only supports Chrome version 86
Current browser version is 110.0.5481.104 with binary path C:\Program Files\Google\Chrome\Application\chrome.exe
Build info: version: &amp;apos;3.141.59&amp;apos;, revision: &amp;apos;e82be7d358&amp;apos;, time: &amp;apos;2018-11-14T08:17:03&amp;apos;
System info: host: &amp;apos;LAPTOP-KFN7P21J&amp;apos;, ip: &amp;apos;192.168.1.6&amp;apos;, os.name: &amp;apos;Windows 10&amp;apos;, os.arch: &amp;apos;amd64&amp;apos;, os.version: &amp;apos;10.0&amp;apos;, java.version: &amp;apos;17.0.1&amp;apos;
Driver info: driver.version: ChromeDriver
remote stacktrace: Backtrace:
	Ordinal0 [0x012BC013+3194899]
	Ordinal0 [0x011A6021+2056225]
	Ordinal0 [0x0103F608+587272]
	Ordinal0 [0x00FC1BF3+72691]
	Ordinal0 [0x00FBE229+57897]
	Ordinal0 [0x00FBC64A+50762]
	Ordinal0 [0x00FE1EE9+204521]
	Ordinal0 [0x00FE1D0D+204045]
	Ordinal0 [0x00FDFC1B+195611]
	Ordinal0 [0x00FC3B7F+80767]
	Ordinal0 [0x00FC4B4E+84814]
	Ordinal0 [0x00FC4AD9+84697]
	Ordinal0 [0x011BCE64+2149988]
	GetHandleVerifier [0x0142BE95+1400773]
	GetHandleVerifier [0x0142BB61+1399953]
	GetHandleVerifier [0x014331FA+1430314]
	GetHandleVerifier [0x0142C69F+1402831]
	Ordinal0 [0x011B3D61+2112865]
	Ordinal0 [0x011BE5CB+2155979]
	Ordinal0 [0x011BE6F5+2156277]
	Ordinal0 [0x011CF26E+2224750]
	BaseThreadInitThunk [0x75CD7D69+25]
	RtlInitializeExceptionChain [0x7761BB9B+107]
	RtlClearBits [0x7761BB1F+191]
">
      <![CDATA[org.openqa.selenium.SessionNotCreatedException: session not created: This version of ChromeDriver only supports Chrome version 86
Current browser version is 110.0.5481.104 with binary path C:\Program Files\Google\Chrome\Application\chrome.exe
Build info: version: '3.141.59', revision: 'e82be7d358', time: '2018-11-14T08:17:03'
System info: host: 'LAPTOP-KFN7P21J', ip: '192.168.1.6', os.name: 'Windows 10', os.arch: 'amd64', os.version: '10.0', java.version: '17.0.1'
Driver info: driver.version: ChromeDriver
remote stacktrace: Backtrace:
Ordinal0 [0x012BC013+3194899]
Ordinal0 [0x011A6021+2056225]
Ordinal0 [0x0103F608+587272]
Ordinal0 [0x00FC1BF3+72691]
Ordinal0 [0x00FBE229+57897]
Ordinal0 [0x00FBC64A+50762]
Ordinal0 [0x00FE1EE9+204521]
Ordinal0 [0x00FE1D0D+204045]
Ordinal0 [0x00FDFC1B+195611]
Ordinal0 [0x00FC3B7F+80767]
Ordinal0 [0x00FC4B4E+84814]
Ordinal0 [0x00FC4AD9+84697]
Ordinal0 [0x011BCE64+2149988]
GetHandleVerifier [0x0142BE95+1400773]
GetHandleVerifier [0x0142BB61+1399953]
GetHandleVerifier [0x014331FA+1430314]
GetHandleVerifier [0x0142C69F+1402831]
Ordinal0 [0x011B3D61+2112865]
Ordinal0 [0x011BE5CB+2155979]
Ordinal0 [0x011BE6F5+2156277]
Ordinal0 [0x011CF26E+2224750]
BaseThreadInitThunk [0x75CD7D69+25]
RtlInitializeExceptionChain [0x7761BB9B+107]
RtlClearBits [0x7761BB1F+191]

at java.base/jdk.internal.reflect.NativeConstructorAccessorImpl.newInstance0(Native Method)
at java.base/jdk.internal.reflect.NativeConstructorAccessorImpl.newInstance(NativeConstructorAccessorImpl.java:77)
at java.base/jdk.internal.reflect.DelegatingConstructorAccessorImpl.newInstance(DelegatingConstructorAccessorImpl.java:45)
at java.base/java.lang.reflect.Constructor.newInstanceWithCaller(Constructor.java:499)
at java.base/java.lang.reflect.Constructor.newInstance(Constructor.java:480)
at org.openqa.selenium.remote.W3CHandshakeResponse.lambda$errorHandler$0(W3CHandshakeResponse.java:62)
at org.openqa.selenium.remote.HandshakeResponse.lambda$getResponseFunction$0(HandshakeResponse.java:30)
at org.openqa.selenium.remote.ProtocolHandshake.lambda$createSession$0(ProtocolHandshake.java:126)
at java.base/java.util.stream.ReferencePipeline$3$1.accept(ReferencePipeline.java:197)
at java.base/java.util.Spliterators$ArraySpliterator.tryAdvance(Spliterators.java:1002)
at java.base/java.util.stream.ReferencePipeline.forEachWithCancel(ReferencePipeline.java:129)
at java.base/java.util.stream.AbstractPipeline.copyIntoWithCancel(AbstractPipeline.java:527)
at java.base/java.util.stream.AbstractPipeline.copyInto(AbstractPipeline.java:513)
at java.base/java.util.stream.AbstractPipeline.wrapAndCopyInto(AbstractPipeline.java:499)
at java.base/java.util.stream.FindOps$FindOp.evaluateSequential(FindOps.java:150)
at java.base/java.util.stream.AbstractPipeline.evaluate(AbstractPipeline.java:234)
at java.base/java.util.stream.ReferencePipeline.findFirst(ReferencePipeline.java:647)
at org.openqa.selenium.remote.ProtocolHandshake.createSession(ProtocolHandshake.java:128)
at org.openqa.selenium.remote.ProtocolHandshake.createSession(ProtocolHandshake.java:74)
at org.openqa.selenium.remote.HttpCommandExecutor.execute(HttpCommandExecutor.java:136)
at org.openqa.selenium.remote.service.DriverCommandExecutor.execute(DriverCommandExecutor.java:83)
at org.openqa.selenium.remote.RemoteWebDriver.execute(RemoteWebDriver.java:552)
at org.openqa.selenium.remote.RemoteWebDriver.startSession(RemoteWebDriver.java:213)
at org.openqa.selenium.remote.RemoteWebDriver.<init>(RemoteWebDriver.java:131)
at org.openqa.selenium.chrome.ChromeDriver.<init>(ChromeDriver.java:181)
at org.openqa.selenium.chrome.ChromeDriver.<init>(ChromeDriver.java:168)
at org.openqa.selenium.chrome.ChromeDriver.<init>(ChromeDriver.java:123)
at util.BrowserFactory.LaunchBrowser(BrowserFactory.java:20)
at tests.VerifyInvalidEmailAddressError.StartBrowser(VerifyInvalidEmailAddressError.java:29)
at java.base/jdk.internal.reflect.NativeMethodAccessorImpl.invoke0(Native Method)
at java.base/jdk.internal.reflect.NativeMethodAccessorImpl.invoke(NativeMethodAccessorImpl.java:77)
at java.base/jdk.internal.reflect.DelegatingMethodAccessorImpl.invoke(DelegatingMethodAccessorImpl.java:43)
at java.base/java.lang.reflect.Method.invoke(Method.java:568)
at org.testng.internal.MethodInvocationHelper.invokeMethod(MethodInvocationHelper.java:133)
at org.testng.internal.MethodInvocationHelper.invokeMethodConsideringTimeout(MethodInvocationHelper.java:62)
at org.testng.internal.ConfigInvoker.invokeConfigurationMethod(ConfigInvoker.java:385)
at org.testng.internal.ConfigInvoker.invokeConfigurations(ConfigInvoker.java:321)
at org.testng.internal.TestInvoker.runConfigMethods(TestInvoker.java:700)
at org.testng.internal.TestInvoker.invokeMethod(TestInvoker.java:527)
at org.testng.internal.TestInvoker.invokeTestMethod(TestInvoker.java:173)
at org.testng.internal.MethodRunner.runInSequence(MethodRunner.java:46)
at org.testng.internal.TestInvoker$MethodInvocationAgent.invoke(TestInvoker.java:824)
at org.testng.internal.TestInvoker.invokeTestMethods(TestInvoker.java:146)
at org.testng.internal.TestMethodWorker.invokeTestMethods(TestMethodWorker.java:146)
at org.testng.internal.TestMethodWorker.run(TestMethodWorker.java:128)
at java.base/java.util.ArrayList.forEach(ArrayList.java:1511)
at org.testng.TestRunner.privateRun(TestRunner.java:794)
at org.testng.TestRunner.run(TestRunner.java:596)
at org.testng.SuiteRunner.runTest(SuiteRunner.java:377)
at org.testng.SuiteRunner.runSequentially(SuiteRunner.java:371)
at org.testng.SuiteRunner.privateRun(SuiteRunner.java:332)
at org.testng.SuiteRunner.run(SuiteRunner.java:276)
at org.testng.SuiteRunnerWorker.runSuite(SuiteRunnerWorker.java:53)
at org.testng.SuiteRunnerWorker.run(SuiteRunnerWorker.java:96)
at org.testng.TestNG.runSuitesSequentially(TestNG.java:1212)
at org.testng.TestNG.runSuitesLocally(TestNG.java:1134)
at org.testng.TestNG.runSuites(TestNG.java:1063)
at org.testng.TestNG.run(TestNG.java:1031)
at org.testng.remote.AbstractRemoteTestNG.run(AbstractRemoteTestNG.java:115)
at org.testng.remote.RemoteTestNG.initAndRun(RemoteTestNG.java:251)
at org.testng.remote.RemoteTestNG.main(RemoteTestNG.java:77)
]]>
    </failure>
  </testcase> <!-- @BeforeMethod StartBrowser -->
  <testcase classname="tests.VerifyInvalidEmailAddressError" name="@AfterMethod CloseBrowser" time="-1.677051754732E9">
    <skipped/>
  </testcase> <!-- @AfterMethod CloseBrowser -->
  <testcase classname="tests.UserRegistrationProcess" name="@BeforeMethod StartBrowser" time="2.196">
    <failure type="org.openqa.selenium.SessionNotCreatedException" message="session not created: This version of ChromeDriver only supports Chrome version 86
Current browser version is 110.0.5481.104 with binary path C:\Program Files\Google\Chrome\Application\chrome.exe
Build info: version: &amp;apos;3.141.59&amp;apos;, revision: &amp;apos;e82be7d358&amp;apos;, time: &amp;apos;2018-11-14T08:17:03&amp;apos;
System info: host: &amp;apos;LAPTOP-KFN7P21J&amp;apos;, ip: &amp;apos;192.168.1.6&amp;apos;, os.name: &amp;apos;Windows 10&amp;apos;, os.arch: &amp;apos;amd64&amp;apos;, os.version: &amp;apos;10.0&amp;apos;, java.version: &amp;apos;17.0.1&amp;apos;
Driver info: driver.version: ChromeDriver
remote stacktrace: Backtrace:
	Ordinal0 [0x012BC013+3194899]
	Ordinal0 [0x011A6021+2056225]
	Ordinal0 [0x0103F608+587272]
	Ordinal0 [0x00FC1BF3+72691]
	Ordinal0 [0x00FBE229+57897]
	Ordinal0 [0x00FBC64A+50762]
	Ordinal0 [0x00FE1EE9+204521]
	Ordinal0 [0x00FE1D0D+204045]
	Ordinal0 [0x00FDFC1B+195611]
	Ordinal0 [0x00FC3B7F+80767]
	Ordinal0 [0x00FC4B4E+84814]
	Ordinal0 [0x00FC4AD9+84697]
	Ordinal0 [0x011BCE64+2149988]
	GetHandleVerifier [0x0142BE95+1400773]
	GetHandleVerifier [0x0142BB61+1399953]
	GetHandleVerifier [0x014331FA+1430314]
	GetHandleVerifier [0x0142C69F+1402831]
	Ordinal0 [0x011B3D61+2112865]
	Ordinal0 [0x011BE5CB+2155979]
	Ordinal0 [0x011BE6F5+2156277]
	Ordinal0 [0x011CF26E+2224750]
	BaseThreadInitThunk [0x75CD7D69+25]
	RtlInitializeExceptionChain [0x7761BB9B+107]
	RtlClearBits [0x7761BB1F+191]
">
      <![CDATA[org.openqa.selenium.SessionNotCreatedException: session not created: This version of ChromeDriver only supports Chrome version 86
Current browser version is 110.0.5481.104 with binary path C:\Program Files\Google\Chrome\Application\chrome.exe
Build info: version: '3.141.59', revision: 'e82be7d358', time: '2018-11-14T08:17:03'
System info: host: 'LAPTOP-KFN7P21J', ip: '192.168.1.6', os.name: 'Windows 10', os.arch: 'amd64', os.version: '10.0', java.version: '17.0.1'
Driver info: driver.version: ChromeDriver
remote stacktrace: Backtrace:
Ordinal0 [0x012BC013+3194899]
Ordinal0 [0x011A6021+2056225]
Ordinal0 [0x0103F608+587272]
Ordinal0 [0x00FC1BF3+72691]
Ordinal0 [0x00FBE229+57897]
Ordinal0 [0x00FBC64A+50762]
Ordinal0 [0x00FE1EE9+204521]
Ordinal0 [0x00FE1D0D+204045]
Ordinal0 [0x00FDFC1B+195611]
Ordinal0 [0x00FC3B7F+80767]
Ordinal0 [0x00FC4B4E+84814]
Ordinal0 [0x00FC4AD9+84697]
Ordinal0 [0x011BCE64+2149988]
GetHandleVerifier [0x0142BE95+1400773]
GetHandleVerifier [0x0142BB61+1399953]
GetHandleVerifier [0x014331FA+1430314]
GetHandleVerifier [0x0142C69F+1402831]
Ordinal0 [0x011B3D61+2112865]
Ordinal0 [0x011BE5CB+2155979]
Ordinal0 [0x011BE6F5+2156277]
Ordinal0 [0x011CF26E+2224750]
BaseThreadInitThunk [0x75CD7D69+25]
RtlInitializeExceptionChain [0x7761BB9B+107]
RtlClearBits [0x7761BB1F+191]

at java.base/jdk.internal.reflect.NativeConstructorAccessorImpl.newInstance0(Native Method)
at java.base/jdk.internal.reflect.NativeConstructorAccessorImpl.newInstance(NativeConstructorAccessorImpl.java:77)
at java.base/jdk.internal.reflect.DelegatingConstructorAccessorImpl.newInstance(DelegatingConstructorAccessorImpl.java:45)
at java.base/java.lang.reflect.Constructor.newInstanceWithCaller(Constructor.java:499)
at java.base/java.lang.reflect.Constructor.newInstance(Constructor.java:480)
at org.openqa.selenium.remote.W3CHandshakeResponse.lambda$errorHandler$0(W3CHandshakeResponse.java:62)
at org.openqa.selenium.remote.HandshakeResponse.lambda$getResponseFunction$0(HandshakeResponse.java:30)
at org.openqa.selenium.remote.ProtocolHandshake.lambda$createSession$0(ProtocolHandshake.java:126)
at java.base/java.util.stream.ReferencePipeline$3$1.accept(ReferencePipeline.java:197)
at java.base/java.util.Spliterators$ArraySpliterator.tryAdvance(Spliterators.java:1002)
at java.base/java.util.stream.ReferencePipeline.forEachWithCancel(ReferencePipeline.java:129)
at java.base/java.util.stream.AbstractPipeline.copyIntoWithCancel(AbstractPipeline.java:527)
at java.base/java.util.stream.AbstractPipeline.copyInto(AbstractPipeline.java:513)
at java.base/java.util.stream.AbstractPipeline.wrapAndCopyInto(AbstractPipeline.java:499)
at java.base/java.util.stream.FindOps$FindOp.evaluateSequential(FindOps.java:150)
at java.base/java.util.stream.AbstractPipeline.evaluate(AbstractPipeline.java:234)
at java.base/java.util.stream.ReferencePipeline.findFirst(ReferencePipeline.java:647)
at org.openqa.selenium.remote.ProtocolHandshake.createSession(ProtocolHandshake.java:128)
at org.openqa.selenium.remote.ProtocolHandshake.createSession(ProtocolHandshake.java:74)
at org.openqa.selenium.remote.HttpCommandExecutor.execute(HttpCommandExecutor.java:136)
at org.openqa.selenium.remote.service.DriverCommandExecutor.execute(DriverCommandExecutor.java:83)
at org.openqa.selenium.remote.RemoteWebDriver.execute(RemoteWebDriver.java:552)
at org.openqa.selenium.remote.RemoteWebDriver.startSession(RemoteWebDriver.java:213)
at org.openqa.selenium.remote.RemoteWebDriver.<init>(RemoteWebDriver.java:131)
at org.openqa.selenium.chrome.ChromeDriver.<init>(ChromeDriver.java:181)
at org.openqa.selenium.chrome.ChromeDriver.<init>(ChromeDriver.java:168)
at org.openqa.selenium.chrome.ChromeDriver.<init>(ChromeDriver.java:123)
at util.BrowserFactory.LaunchBrowser(BrowserFactory.java:20)
at tests.UserRegistrationProcess.StartBrowser(UserRegistrationProcess.java:35)
at java.base/jdk.internal.reflect.NativeMethodAccessorImpl.invoke0(Native Method)
at java.base/jdk.internal.reflect.NativeMethodAccessorImpl.invoke(NativeMethodAccessorImpl.java:77)
at java.base/jdk.internal.reflect.DelegatingMethodAccessorImpl.invoke(DelegatingMethodAccessorImpl.java:43)
at java.base/java.lang.reflect.Method.invoke(Method.java:568)
at org.testng.internal.MethodInvocationHelper.invokeMethod(MethodInvocationHelper.java:133)
at org.testng.internal.MethodInvocationHelper.invokeMethodConsideringTimeout(MethodInvocationHelper.java:62)
at org.testng.internal.ConfigInvoker.invokeConfigurationMethod(ConfigInvoker.java:385)
at org.testng.internal.ConfigInvoker.invokeConfigurations(ConfigInvoker.java:321)
at org.testng.internal.TestInvoker.runConfigMethods(TestInvoker.java:700)
at org.testng.internal.TestInvoker.invokeMethod(TestInvoker.java:527)
at org.testng.internal.TestInvoker.invokeTestMethod(TestInvoker.java:173)
at org.testng.internal.MethodRunner.runInSequence(MethodRunner.java:46)
at org.testng.internal.TestInvoker$MethodInvocationAgent.invoke(TestInvoker.java:824)
at org.testng.internal.TestInvoker.invokeTestMethods(TestInvoker.java:146)
at org.testng.internal.TestMethodWorker.invokeTestMethods(TestMethodWorker.java:146)
at org.testng.internal.TestMethodWorker.run(TestMethodWorker.java:128)
at java.base/java.util.ArrayList.forEach(ArrayList.java:1511)
at org.testng.TestRunner.privateRun(TestRunner.java:794)
at org.testng.TestRunner.run(TestRunner.java:596)
at org.testng.SuiteRunner.runTest(SuiteRunner.java:377)
at org.testng.SuiteRunner.runSequentially(SuiteRunner.java:371)
at org.testng.SuiteRunner.privateRun(SuiteRunner.java:332)
at org.testng.SuiteRunner.run(SuiteRunner.java:276)
at org.testng.SuiteRunnerWorker.runSuite(SuiteRunnerWorker.java:53)
at org.testng.SuiteRunnerWorker.run(SuiteRunnerWorker.java:96)
at org.testng.TestNG.runSuitesSequentially(TestNG.java:1212)
at org.testng.TestNG.runSuitesLocally(TestNG.java:1134)
at org.testng.TestNG.runSuites(TestNG.java:1063)
at org.testng.TestNG.run(TestNG.java:1031)
at org.testng.remote.AbstractRemoteTestNG.run(AbstractRemoteTestNG.java:115)
at org.testng.remote.RemoteTestNG.initAndRun(RemoteTestNG.java:251)
at org.testng.remote.RemoteTestNG.main(RemoteTestNG.java:77)
]]>
    </failure>
  </testcase> <!-- @BeforeMethod StartBrowser -->
  <testcase classname="tests.UserRegistrationProcess" name="@AfterMethod CloseBrowser" time="-1.677051756939E9">
    <skipped/>
  </testcase> <!-- @AfterMethod CloseBrowser -->
  <testcase classname="tests.CorrectTotalPrice" name="@BeforeMethod StartBrowser" time="2.558">
    <failure type="org.openqa.selenium.SessionNotCreatedException" message="session not created: This version of ChromeDriver only supports Chrome version 86
Current browser version is 110.0.5481.104 with binary path C:\Program Files\Google\Chrome\Application\chrome.exe
Build info: version: &amp;apos;3.141.59&amp;apos;, revision: &amp;apos;e82be7d358&amp;apos;, time: &amp;apos;2018-11-14T08:17:03&amp;apos;
System info: host: &amp;apos;LAPTOP-KFN7P21J&amp;apos;, ip: &amp;apos;192.168.1.6&amp;apos;, os.name: &amp;apos;Windows 10&amp;apos;, os.arch: &amp;apos;amd64&amp;apos;, os.version: &amp;apos;10.0&amp;apos;, java.version: &amp;apos;17.0.1&amp;apos;
Driver info: driver.version: ChromeDriver
remote stacktrace: Backtrace:
	Ordinal0 [0x012BC013+3194899]
	Ordinal0 [0x011A6021+2056225]
	Ordinal0 [0x0103F608+587272]
	Ordinal0 [0x00FC1BF3+72691]
	Ordinal0 [0x00FBE229+57897]
	Ordinal0 [0x00FBC64A+50762]
	Ordinal0 [0x00FE1EE9+204521]
	Ordinal0 [0x00FE1D0D+204045]
	Ordinal0 [0x00FDFC1B+195611]
	Ordinal0 [0x00FC3B7F+80767]
	Ordinal0 [0x00FC4B4E+84814]
	Ordinal0 [0x00FC4AD9+84697]
	Ordinal0 [0x011BCE64+2149988]
	GetHandleVerifier [0x0142BE95+1400773]
	GetHandleVerifier [0x0142BB61+1399953]
	GetHandleVerifier [0x014331FA+1430314]
	GetHandleVerifier [0x0142C69F+1402831]
	Ordinal0 [0x011B3D61+2112865]
	Ordinal0 [0x011BE5CB+2155979]
	Ordinal0 [0x011BE6F5+2156277]
	Ordinal0 [0x011CF26E+2224750]
	BaseThreadInitThunk [0x75CD7D69+25]
	RtlInitializeExceptionChain [0x7761BB9B+107]
	RtlClearBits [0x7761BB1F+191]
">
      <![CDATA[org.openqa.selenium.SessionNotCreatedException: session not created: This version of ChromeDriver only supports Chrome version 86
Current browser version is 110.0.5481.104 with binary path C:\Program Files\Google\Chrome\Application\chrome.exe
Build info: version: '3.141.59', revision: 'e82be7d358', time: '2018-11-14T08:17:03'
System info: host: 'LAPTOP-KFN7P21J', ip: '192.168.1.6', os.name: 'Windows 10', os.arch: 'amd64', os.version: '10.0', java.version: '17.0.1'
Driver info: driver.version: ChromeDriver
remote stacktrace: Backtrace:
Ordinal0 [0x012BC013+3194899]
Ordinal0 [0x011A6021+2056225]
Ordinal0 [0x0103F608+587272]
Ordinal0 [0x00FC1BF3+72691]
Ordinal0 [0x00FBE229+57897]
Ordinal0 [0x00FBC64A+50762]
Ordinal0 [0x00FE1EE9+204521]
Ordinal0 [0x00FE1D0D+204045]
Ordinal0 [0x00FDFC1B+195611]
Ordinal0 [0x00FC3B7F+80767]
Ordinal0 [0x00FC4B4E+84814]
Ordinal0 [0x00FC4AD9+84697]
Ordinal0 [0x011BCE64+2149988]
GetHandleVerifier [0x0142BE95+1400773]
GetHandleVerifier [0x0142BB61+1399953]
GetHandleVerifier [0x014331FA+1430314]
GetHandleVerifier [0x0142C69F+1402831]
Ordinal0 [0x011B3D61+2112865]
Ordinal0 [0x011BE5CB+2155979]
Ordinal0 [0x011BE6F5+2156277]
Ordinal0 [0x011CF26E+2224750]
BaseThreadInitThunk [0x75CD7D69+25]
RtlInitializeExceptionChain [0x7761BB9B+107]
RtlClearBits [0x7761BB1F+191]

at java.base/jdk.internal.reflect.NativeConstructorAccessorImpl.newInstance0(Native Method)
at java.base/jdk.internal.reflect.NativeConstructorAccessorImpl.newInstance(NativeConstructorAccessorImpl.java:77)
at java.base/jdk.internal.reflect.DelegatingConstructorAccessorImpl.newInstance(DelegatingConstructorAccessorImpl.java:45)
at java.base/java.lang.reflect.Constructor.newInstanceWithCaller(Constructor.java:499)
at java.base/java.lang.reflect.Constructor.newInstance(Constructor.java:480)
at org.openqa.selenium.remote.W3CHandshakeResponse.lambda$errorHandler$0(W3CHandshakeResponse.java:62)
at org.openqa.selenium.remote.HandshakeResponse.lambda$getResponseFunction$0(HandshakeResponse.java:30)
at org.openqa.selenium.remote.ProtocolHandshake.lambda$createSession$0(ProtocolHandshake.java:126)
at java.base/java.util.stream.ReferencePipeline$3$1.accept(ReferencePipeline.java:197)
at java.base/java.util.Spliterators$ArraySpliterator.tryAdvance(Spliterators.java:1002)
at java.base/java.util.stream.ReferencePipeline.forEachWithCancel(ReferencePipeline.java:129)
at java.base/java.util.stream.AbstractPipeline.copyIntoWithCancel(AbstractPipeline.java:527)
at java.base/java.util.stream.AbstractPipeline.copyInto(AbstractPipeline.java:513)
at java.base/java.util.stream.AbstractPipeline.wrapAndCopyInto(AbstractPipeline.java:499)
at java.base/java.util.stream.FindOps$FindOp.evaluateSequential(FindOps.java:150)
at java.base/java.util.stream.AbstractPipeline.evaluate(AbstractPipeline.java:234)
at java.base/java.util.stream.ReferencePipeline.findFirst(ReferencePipeline.java:647)
at org.openqa.selenium.remote.ProtocolHandshake.createSession(ProtocolHandshake.java:128)
at org.openqa.selenium.remote.ProtocolHandshake.createSession(ProtocolHandshake.java:74)
at org.openqa.selenium.remote.HttpCommandExecutor.execute(HttpCommandExecutor.java:136)
at org.openqa.selenium.remote.service.DriverCommandExecutor.execute(DriverCommandExecutor.java:83)
at org.openqa.selenium.remote.RemoteWebDriver.execute(RemoteWebDriver.java:552)
at org.openqa.selenium.remote.RemoteWebDriver.startSession(RemoteWebDriver.java:213)
at org.openqa.selenium.remote.RemoteWebDriver.<init>(RemoteWebDriver.java:131)
at org.openqa.selenium.chrome.ChromeDriver.<init>(ChromeDriver.java:181)
at org.openqa.selenium.chrome.ChromeDriver.<init>(ChromeDriver.java:168)
at org.openqa.selenium.chrome.ChromeDriver.<init>(ChromeDriver.java:123)
at util.BrowserFactory.LaunchBrowser(BrowserFactory.java:20)
at tests.CorrectTotalPrice.StartBrowser(CorrectTotalPrice.java:40)
at java.base/jdk.internal.reflect.NativeMethodAccessorImpl.invoke0(Native Method)
at java.base/jdk.internal.reflect.NativeMethodAccessorImpl.invoke(NativeMethodAccessorImpl.java:77)
at java.base/jdk.internal.reflect.DelegatingMethodAccessorImpl.invoke(DelegatingMethodAccessorImpl.java:43)
at java.base/java.lang.reflect.Method.invoke(Method.java:568)
at org.testng.internal.MethodInvocationHelper.invokeMethod(MethodInvocationHelper.java:133)
at org.testng.internal.MethodInvocationHelper.invokeMethodConsideringTimeout(MethodInvocationHelper.java:62)
at org.testng.internal.ConfigInvoker.invokeConfigurationMethod(ConfigInvoker.java:385)
at org.testng.internal.ConfigInvoker.invokeConfigurations(ConfigInvoker.java:321)
at org.testng.internal.TestInvoker.runConfigMethods(TestInvoker.java:700)
at org.testng.internal.TestInvoker.invokeMethod(TestInvoker.java:527)
at org.testng.internal.TestInvoker.invokeTestMethod(TestInvoker.java:173)
at org.testng.internal.MethodRunner.runInSequence(MethodRunner.java:46)
at org.testng.internal.TestInvoker$MethodInvocationAgent.invoke(TestInvoker.java:824)
at org.testng.internal.TestInvoker.invokeTestMethods(TestInvoker.java:146)
at org.testng.internal.TestMethodWorker.invokeTestMethods(TestMethodWorker.java:146)
at org.testng.internal.TestMethodWorker.run(TestMethodWorker.java:128)
at java.base/java.util.ArrayList.forEach(ArrayList.java:1511)
at org.testng.TestRunner.privateRun(TestRunner.java:794)
at org.testng.TestRunner.run(TestRunner.java:596)
at org.testng.SuiteRunner.runTest(SuiteRunner.java:377)
at org.testng.SuiteRunner.runSequentially(SuiteRunner.java:371)
at org.testng.SuiteRunner.privateRun(SuiteRunner.java:332)
at org.testng.SuiteRunner.run(SuiteRunner.java:276)
at org.testng.SuiteRunnerWorker.runSuite(SuiteRunnerWorker.java:53)
at org.testng.SuiteRunnerWorker.run(SuiteRunnerWorker.java:96)
at org.testng.TestNG.runSuitesSequentially(TestNG.java:1212)
at org.testng.TestNG.runSuitesLocally(TestNG.java:1134)
at org.testng.TestNG.runSuites(TestNG.java:1063)
at org.testng.TestNG.run(TestNG.java:1031)
at org.testng.remote.AbstractRemoteTestNG.run(AbstractRemoteTestNG.java:115)
at org.testng.remote.RemoteTestNG.initAndRun(RemoteTestNG.java:251)
at org.testng.remote.RemoteTestNG.main(RemoteTestNG.java:77)
]]>
    </failure>
  </testcase> <!-- @BeforeMethod StartBrowser -->
  <testcase classname="tests.CorrectTotalPrice" name="@AfterMethod CloseBrowser" time="-1.677051759507E9">
    <skipped/>
  </testcase> <!-- @AfterMethod CloseBrowser -->
  <testcase classname="tests.ClickFirstMenuLinkAndPrintPageTitle" name="@BeforeMethod StartBrowser" time="2.407">
    <failure type="org.openqa.selenium.SessionNotCreatedException" message="session not created: This version of ChromeDriver only supports Chrome version 86
Current browser version is 110.0.5481.104 with binary path C:\Program Files\Google\Chrome\Application\chrome.exe
Build info: version: &amp;apos;3.141.59&amp;apos;, revision: &amp;apos;e82be7d358&amp;apos;, time: &amp;apos;2018-11-14T08:17:03&amp;apos;
System info: host: &amp;apos;LAPTOP-KFN7P21J&amp;apos;, ip: &amp;apos;192.168.1.6&amp;apos;, os.name: &amp;apos;Windows 10&amp;apos;, os.arch: &amp;apos;amd64&amp;apos;, os.version: &amp;apos;10.0&amp;apos;, java.version: &amp;apos;17.0.1&amp;apos;
Driver info: driver.version: ChromeDriver
remote stacktrace: Backtrace:
	Ordinal0 [0x012BC013+3194899]
	Ordinal0 [0x011A6021+2056225]
	Ordinal0 [0x0103F608+587272]
	Ordinal0 [0x00FC1BF3+72691]
	Ordinal0 [0x00FBE229+57897]
	Ordinal0 [0x00FBC64A+50762]
	Ordinal0 [0x00FE1EE9+204521]
	Ordinal0 [0x00FE1D0D+204045]
	Ordinal0 [0x00FDFC1B+195611]
	Ordinal0 [0x00FC3B7F+80767]
	Ordinal0 [0x00FC4B4E+84814]
	Ordinal0 [0x00FC4AD9+84697]
	Ordinal0 [0x011BCE64+2149988]
	GetHandleVerifier [0x0142BE95+1400773]
	GetHandleVerifier [0x0142BB61+1399953]
	GetHandleVerifier [0x014331FA+1430314]
	GetHandleVerifier [0x0142C69F+1402831]
	Ordinal0 [0x011B3D61+2112865]
	Ordinal0 [0x011BE5CB+2155979]
	Ordinal0 [0x011BE6F5+2156277]
	Ordinal0 [0x011CF26E+2224750]
	BaseThreadInitThunk [0x75CD7D69+25]
	RtlInitializeExceptionChain [0x7761BB9B+107]
	RtlClearBits [0x7761BB1F+191]
">
      <![CDATA[org.openqa.selenium.SessionNotCreatedException: session not created: This version of ChromeDriver only supports Chrome version 86
Current browser version is 110.0.5481.104 with binary path C:\Program Files\Google\Chrome\Application\chrome.exe
Build info: version: '3.141.59', revision: 'e82be7d358', time: '2018-11-14T08:17:03'
System info: host: 'LAPTOP-KFN7P21J', ip: '192.168.1.6', os.name: 'Windows 10', os.arch: 'amd64', os.version: '10.0', java.version: '17.0.1'
Driver info: driver.version: ChromeDriver
remote stacktrace: Backtrace:
Ordinal0 [0x012BC013+3194899]
Ordinal0 [0x011A6021+2056225]
Ordinal0 [0x0103F608+587272]
Ordinal0 [0x00FC1BF3+72691]
Ordinal0 [0x00FBE229+57897]
Ordinal0 [0x00FBC64A+50762]
Ordinal0 [0x00FE1EE9+204521]
Ordinal0 [0x00FE1D0D+204045]
Ordinal0 [0x00FDFC1B+195611]
Ordinal0 [0x00FC3B7F+80767]
Ordinal0 [0x00FC4B4E+84814]
Ordinal0 [0x00FC4AD9+84697]
Ordinal0 [0x011BCE64+2149988]
GetHandleVerifier [0x0142BE95+1400773]
GetHandleVerifier [0x0142BB61+1399953]
GetHandleVerifier [0x014331FA+1430314]
GetHandleVerifier [0x0142C69F+1402831]
Ordinal0 [0x011B3D61+2112865]
Ordinal0 [0x011BE5CB+2155979]
Ordinal0 [0x011BE6F5+2156277]
Ordinal0 [0x011CF26E+2224750]
BaseThreadInitThunk [0x75CD7D69+25]
RtlInitializeExceptionChain [0x7761BB9B+107]
RtlClearBits [0x7761BB1F+191]

at java.base/jdk.internal.reflect.NativeConstructorAccessorImpl.newInstance0(Native Method)
at java.base/jdk.internal.reflect.NativeConstructorAccessorImpl.newInstance(NativeConstructorAccessorImpl.java:77)
at java.base/jdk.internal.reflect.DelegatingConstructorAccessorImpl.newInstance(DelegatingConstructorAccessorImpl.java:45)
at java.base/java.lang.reflect.Constructor.newInstanceWithCaller(Constructor.java:499)
at java.base/java.lang.reflect.Constructor.newInstance(Constructor.java:480)
at org.openqa.selenium.remote.W3CHandshakeResponse.lambda$errorHandler$0(W3CHandshakeResponse.java:62)
at org.openqa.selenium.remote.HandshakeResponse.lambda$getResponseFunction$0(HandshakeResponse.java:30)
at org.openqa.selenium.remote.ProtocolHandshake.lambda$createSession$0(ProtocolHandshake.java:126)
at java.base/java.util.stream.ReferencePipeline$3$1.accept(ReferencePipeline.java:197)
at java.base/java.util.Spliterators$ArraySpliterator.tryAdvance(Spliterators.java:1002)
at java.base/java.util.stream.ReferencePipeline.forEachWithCancel(ReferencePipeline.java:129)
at java.base/java.util.stream.AbstractPipeline.copyIntoWithCancel(AbstractPipeline.java:527)
at java.base/java.util.stream.AbstractPipeline.copyInto(AbstractPipeline.java:513)
at java.base/java.util.stream.AbstractPipeline.wrapAndCopyInto(AbstractPipeline.java:499)
at java.base/java.util.stream.FindOps$FindOp.evaluateSequential(FindOps.java:150)
at java.base/java.util.stream.AbstractPipeline.evaluate(AbstractPipeline.java:234)
at java.base/java.util.stream.ReferencePipeline.findFirst(ReferencePipeline.java:647)
at org.openqa.selenium.remote.ProtocolHandshake.createSession(ProtocolHandshake.java:128)
at org.openqa.selenium.remote.ProtocolHandshake.createSession(ProtocolHandshake.java:74)
at org.openqa.selenium.remote.HttpCommandExecutor.execute(HttpCommandExecutor.java:136)
at org.openqa.selenium.remote.service.DriverCommandExecutor.execute(DriverCommandExecutor.java:83)
at org.openqa.selenium.remote.RemoteWebDriver.execute(RemoteWebDriver.java:552)
at org.openqa.selenium.remote.RemoteWebDriver.startSession(RemoteWebDriver.java:213)
at org.openqa.selenium.remote.RemoteWebDriver.<init>(RemoteWebDriver.java:131)
at org.openqa.selenium.chrome.ChromeDriver.<init>(ChromeDriver.java:181)
at org.openqa.selenium.chrome.ChromeDriver.<init>(ChromeDriver.java:168)
at org.openqa.selenium.chrome.ChromeDriver.<init>(ChromeDriver.java:123)
at util.BrowserFactory.LaunchBrowser(BrowserFactory.java:20)
at tests.ClickFirstMenuLinkAndPrintPageTitle.StartBrowser(ClickFirstMenuLinkAndPrintPageTitle.java:35)
at java.base/jdk.internal.reflect.NativeMethodAccessorImpl.invoke0(Native Method)
at java.base/jdk.internal.reflect.NativeMethodAccessorImpl.invoke(NativeMethodAccessorImpl.java:77)
at java.base/jdk.internal.reflect.DelegatingMethodAccessorImpl.invoke(DelegatingMethodAccessorImpl.java:43)
at java.base/java.lang.reflect.Method.invoke(Method.java:568)
at org.testng.internal.MethodInvocationHelper.invokeMethod(MethodInvocationHelper.java:133)
at org.testng.internal.MethodInvocationHelper.invokeMethodConsideringTimeout(MethodInvocationHelper.java:62)
at org.testng.internal.ConfigInvoker.invokeConfigurationMethod(ConfigInvoker.java:385)
at org.testng.internal.ConfigInvoker.invokeConfigurations(ConfigInvoker.java:321)
at org.testng.internal.TestInvoker.runConfigMethods(TestInvoker.java:700)
at org.testng.internal.TestInvoker.invokeMethod(TestInvoker.java:527)
at org.testng.internal.TestInvoker.invokeTestMethod(TestInvoker.java:173)
at org.testng.internal.MethodRunner.runInSequence(MethodRunner.java:46)
at org.testng.internal.TestInvoker$MethodInvocationAgent.invoke(TestInvoker.java:824)
at org.testng.internal.TestInvoker.invokeTestMethods(TestInvoker.java:146)
at org.testng.internal.TestMethodWorker.invokeTestMethods(TestMethodWorker.java:146)
at org.testng.internal.TestMethodWorker.run(TestMethodWorker.java:128)
at java.base/java.util.ArrayList.forEach(ArrayList.java:1511)
at org.testng.TestRunner.privateRun(TestRunner.java:794)
at org.testng.TestRunner.run(TestRunner.java:596)
at org.testng.SuiteRunner.runTest(SuiteRunner.java:377)
at org.testng.SuiteRunner.runSequentially(SuiteRunner.java:371)
at org.testng.SuiteRunner.privateRun(SuiteRunner.java:332)
at org.testng.SuiteRunner.run(SuiteRunner.java:276)
at org.testng.SuiteRunnerWorker.runSuite(SuiteRunnerWorker.java:53)
at org.testng.SuiteRunnerWorker.run(SuiteRunnerWorker.java:96)
at org.testng.TestNG.runSuitesSequentially(TestNG.java:1212)
at org.testng.TestNG.runSuitesLocally(TestNG.java:1134)
at org.testng.TestNG.runSuites(TestNG.java:1063)
at org.testng.TestNG.run(TestNG.java:1031)
at org.testng.remote.AbstractRemoteTestNG.run(AbstractRemoteTestNG.java:115)
at org.testng.remote.RemoteTestNG.initAndRun(RemoteTestNG.java:251)
at org.testng.remote.RemoteTestNG.main(RemoteTestNG.java:77)
]]>
    </failure>
  </testcase> <!-- @BeforeMethod StartBrowser -->
  <testcase classname="tests.ClickFirstMenuLinkAndPrintPageTitle" name="@AfterMethod CloseBrowser" time="-1.677051761933E9">
    <skipped/>
  </testcase> <!-- @AfterMethod CloseBrowser -->
  <testcase classname="tests.WishListWorksAfterLogin" name="@BeforeMethod StartBrowser" time="2.649">
    <failure type="org.openqa.selenium.SessionNotCreatedException" message="session not created: This version of ChromeDriver only supports Chrome version 86
Current browser version is 110.0.5481.104 with binary path C:\Program Files\Google\Chrome\Application\chrome.exe
Build info: version: &amp;apos;3.141.59&amp;apos;, revision: &amp;apos;e82be7d358&amp;apos;, time: &amp;apos;2018-11-14T08:17:03&amp;apos;
System info: host: &amp;apos;LAPTOP-KFN7P21J&amp;apos;, ip: &amp;apos;192.168.1.6&amp;apos;, os.name: &amp;apos;Windows 10&amp;apos;, os.arch: &amp;apos;amd64&amp;apos;, os.version: &amp;apos;10.0&amp;apos;, java.version: &amp;apos;17.0.1&amp;apos;
Driver info: driver.version: ChromeDriver
remote stacktrace: Backtrace:
	Ordinal0 [0x012BC013+3194899]
	Ordinal0 [0x011A6021+2056225]
	Ordinal0 [0x0103F608+587272]
	Ordinal0 [0x00FC1BF3+72691]
	Ordinal0 [0x00FBE229+57897]
	Ordinal0 [0x00FBC64A+50762]
	Ordinal0 [0x00FE1EE9+204521]
	Ordinal0 [0x00FE1D0D+204045]
	Ordinal0 [0x00FDFC1B+195611]
	Ordinal0 [0x00FC3B7F+80767]
	Ordinal0 [0x00FC4B4E+84814]
	Ordinal0 [0x00FC4AD9+84697]
	Ordinal0 [0x011BCE64+2149988]
	GetHandleVerifier [0x0142BE95+1400773]
	GetHandleVerifier [0x0142BB61+1399953]
	GetHandleVerifier [0x014331FA+1430314]
	GetHandleVerifier [0x0142C69F+1402831]
	Ordinal0 [0x011B3D61+2112865]
	Ordinal0 [0x011BE5CB+2155979]
	Ordinal0 [0x011BE6F5+2156277]
	Ordinal0 [0x011CF26E+2224750]
	BaseThreadInitThunk [0x75CD7D69+25]
	RtlInitializeExceptionChain [0x7761BB9B+107]
	RtlClearBits [0x7761BB1F+191]
">
      <![CDATA[org.openqa.selenium.SessionNotCreatedException: session not created: This version of ChromeDriver only supports Chrome version 86
Current browser version is 110.0.5481.104 with binary path C:\Program Files\Google\Chrome\Application\chrome.exe
Build info: version: '3.141.59', revision: 'e82be7d358', time: '2018-11-14T08:17:03'
System info: host: 'LAPTOP-KFN7P21J', ip: '192.168.1.6', os.name: 'Windows 10', os.arch: 'amd64', os.version: '10.0', java.version: '17.0.1'
Driver info: driver.version: ChromeDriver
remote stacktrace: Backtrace:
Ordinal0 [0x012BC013+3194899]
Ordinal0 [0x011A6021+2056225]
Ordinal0 [0x0103F608+587272]
Ordinal0 [0x00FC1BF3+72691]
Ordinal0 [0x00FBE229+57897]
Ordinal0 [0x00FBC64A+50762]
Ordinal0 [0x00FE1EE9+204521]
Ordinal0 [0x00FE1D0D+204045]
Ordinal0 [0x00FDFC1B+195611]
Ordinal0 [0x00FC3B7F+80767]
Ordinal0 [0x00FC4B4E+84814]
Ordinal0 [0x00FC4AD9+84697]
Ordinal0 [0x011BCE64+2149988]
GetHandleVerifier [0x0142BE95+1400773]
GetHandleVerifier [0x0142BB61+1399953]
GetHandleVerifier [0x014331FA+1430314]
GetHandleVerifier [0x0142C69F+1402831]
Ordinal0 [0x011B3D61+2112865]
Ordinal0 [0x011BE5CB+2155979]
Ordinal0 [0x011BE6F5+2156277]
Ordinal0 [0x011CF26E+2224750]
BaseThreadInitThunk [0x75CD7D69+25]
RtlInitializeExceptionChain [0x7761BB9B+107]
RtlClearBits [0x7761BB1F+191]

at java.base/jdk.internal.reflect.NativeConstructorAccessorImpl.newInstance0(Native Method)
at java.base/jdk.internal.reflect.NativeConstructorAccessorImpl.newInstance(NativeConstructorAccessorImpl.java:77)
at java.base/jdk.internal.reflect.DelegatingConstructorAccessorImpl.newInstance(DelegatingConstructorAccessorImpl.java:45)
at java.base/java.lang.reflect.Constructor.newInstanceWithCaller(Constructor.java:499)
at java.base/java.lang.reflect.Constructor.newInstance(Constructor.java:480)
at org.openqa.selenium.remote.W3CHandshakeResponse.lambda$errorHandler$0(W3CHandshakeResponse.java:62)
at org.openqa.selenium.remote.HandshakeResponse.lambda$getResponseFunction$0(HandshakeResponse.java:30)
at org.openqa.selenium.remote.ProtocolHandshake.lambda$createSession$0(ProtocolHandshake.java:126)
at java.base/java.util.stream.ReferencePipeline$3$1.accept(ReferencePipeline.java:197)
at java.base/java.util.Spliterators$ArraySpliterator.tryAdvance(Spliterators.java:1002)
at java.base/java.util.stream.ReferencePipeline.forEachWithCancel(ReferencePipeline.java:129)
at java.base/java.util.stream.AbstractPipeline.copyIntoWithCancel(AbstractPipeline.java:527)
at java.base/java.util.stream.AbstractPipeline.copyInto(AbstractPipeline.java:513)
at java.base/java.util.stream.AbstractPipeline.wrapAndCopyInto(AbstractPipeline.java:499)
at java.base/java.util.stream.FindOps$FindOp.evaluateSequential(FindOps.java:150)
at java.base/java.util.stream.AbstractPipeline.evaluate(AbstractPipeline.java:234)
at java.base/java.util.stream.ReferencePipeline.findFirst(ReferencePipeline.java:647)
at org.openqa.selenium.remote.ProtocolHandshake.createSession(ProtocolHandshake.java:128)
at org.openqa.selenium.remote.ProtocolHandshake.createSession(ProtocolHandshake.java:74)
at org.openqa.selenium.remote.HttpCommandExecutor.execute(HttpCommandExecutor.java:136)
at org.openqa.selenium.remote.service.DriverCommandExecutor.execute(DriverCommandExecutor.java:83)
at org.openqa.selenium.remote.RemoteWebDriver.execute(RemoteWebDriver.java:552)
at org.openqa.selenium.remote.RemoteWebDriver.startSession(RemoteWebDriver.java:213)
at org.openqa.selenium.remote.RemoteWebDriver.<init>(RemoteWebDriver.java:131)
at org.openqa.selenium.chrome.ChromeDriver.<init>(ChromeDriver.java:181)
at org.openqa.selenium.chrome.ChromeDriver.<init>(ChromeDriver.java:168)
at org.openqa.selenium.chrome.ChromeDriver.<init>(ChromeDriver.java:123)
at util.BrowserFactory.LaunchBrowser(BrowserFactory.java:20)
at tests.WishListWorksAfterLogin.StartBrowser(WishListWorksAfterLogin.java:28)
at java.base/jdk.internal.reflect.NativeMethodAccessorImpl.invoke0(Native Method)
at java.base/jdk.internal.reflect.NativeMethodAccessorImpl.invoke(NativeMethodAccessorImpl.java:77)
at java.base/jdk.internal.reflect.DelegatingMethodAccessorImpl.invoke(DelegatingMethodAccessorImpl.java:43)
at java.base/java.lang.reflect.Method.invoke(Method.java:568)
at org.testng.internal.MethodInvocationHelper.invokeMethod(MethodInvocationHelper.java:133)
at org.testng.internal.MethodInvocationHelper.invokeMethodConsideringTimeout(MethodInvocationHelper.java:62)
at org.testng.internal.ConfigInvoker.invokeConfigurationMethod(ConfigInvoker.java:385)
at org.testng.internal.ConfigInvoker.invokeConfigurations(ConfigInvoker.java:321)
at org.testng.internal.TestInvoker.runConfigMethods(TestInvoker.java:700)
at org.testng.internal.TestInvoker.invokeMethod(TestInvoker.java:527)
at org.testng.internal.TestInvoker.invokeTestMethod(TestInvoker.java:173)
at org.testng.internal.MethodRunner.runInSequence(MethodRunner.java:46)
at org.testng.internal.TestInvoker$MethodInvocationAgent.invoke(TestInvoker.java:824)
at org.testng.internal.TestInvoker.invokeTestMethods(TestInvoker.java:146)
at org.testng.internal.TestMethodWorker.invokeTestMethods(TestMethodWorker.java:146)
at org.testng.internal.TestMethodWorker.run(TestMethodWorker.java:128)
at java.base/java.util.ArrayList.forEach(ArrayList.java:1511)
at org.testng.TestRunner.privateRun(TestRunner.java:794)
at org.testng.TestRunner.run(TestRunner.java:596)
at org.testng.SuiteRunner.runTest(SuiteRunner.java:377)
at org.testng.SuiteRunner.runSequentially(SuiteRunner.java:371)
at org.testng.SuiteRunner.privateRun(SuiteRunner.java:332)
at org.testng.SuiteRunner.run(SuiteRunner.java:276)
at org.testng.SuiteRunnerWorker.runSuite(SuiteRunnerWorker.java:53)
at org.testng.SuiteRunnerWorker.run(SuiteRunnerWorker.java:96)
at org.testng.TestNG.runSuitesSequentially(TestNG.java:1212)
at org.testng.TestNG.runSuitesLocally(TestNG.java:1134)
at org.testng.TestNG.runSuites(TestNG.java:1063)
at org.testng.TestNG.run(TestNG.java:1031)
at org.testng.remote.AbstractRemoteTestNG.run(AbstractRemoteTestNG.java:115)
at org.testng.remote.RemoteTestNG.initAndRun(RemoteTestNG.java:251)
at org.testng.remote.RemoteTestNG.main(RemoteTestNG.java:77)
]]>
    </failure>
  </testcase> <!-- @BeforeMethod StartBrowser -->
  <testcase classname="tests.WishListWorksAfterLogin" name="@AfterMethod CloseBrowser" time="-1.677051764592E9">
    <skipped/>
  </testcase> <!-- @AfterMethod CloseBrowser -->
  <testcase classname="tests.VerifyErrorMessagesForMandatoryFields" name="@BeforeMethod StartBrowser" time="2.363">
    <failure type="org.openqa.selenium.SessionNotCreatedException" message="session not created: This version of ChromeDriver only supports Chrome version 86
Current browser version is 110.0.5481.104 with binary path C:\Program Files\Google\Chrome\Application\chrome.exe
Build info: version: &amp;apos;3.141.59&amp;apos;, revision: &amp;apos;e82be7d358&amp;apos;, time: &amp;apos;2018-11-14T08:17:03&amp;apos;
System info: host: &amp;apos;LAPTOP-KFN7P21J&amp;apos;, ip: &amp;apos;192.168.1.6&amp;apos;, os.name: &amp;apos;Windows 10&amp;apos;, os.arch: &amp;apos;amd64&amp;apos;, os.version: &amp;apos;10.0&amp;apos;, java.version: &amp;apos;17.0.1&amp;apos;
Driver info: driver.version: ChromeDriver
remote stacktrace: Backtrace:
	Ordinal0 [0x012BC013+3194899]
	Ordinal0 [0x011A6021+2056225]
	Ordinal0 [0x0103F608+587272]
	Ordinal0 [0x00FC1BF3+72691]
	Ordinal0 [0x00FBE229+57897]
	Ordinal0 [0x00FBC64A+50762]
	Ordinal0 [0x00FE1EE9+204521]
	Ordinal0 [0x00FE1D0D+204045]
	Ordinal0 [0x00FDFC1B+195611]
	Ordinal0 [0x00FC3B7F+80767]
	Ordinal0 [0x00FC4B4E+84814]
	Ordinal0 [0x00FC4AD9+84697]
	Ordinal0 [0x011BCE64+2149988]
	GetHandleVerifier [0x0142BE95+1400773]
	GetHandleVerifier [0x0142BB61+1399953]
	GetHandleVerifier [0x014331FA+1430314]
	GetHandleVerifier [0x0142C69F+1402831]
	Ordinal0 [0x011B3D61+2112865]
	Ordinal0 [0x011BE5CB+2155979]
	Ordinal0 [0x011BE6F5+2156277]
	Ordinal0 [0x011CF26E+2224750]
	BaseThreadInitThunk [0x75CD7D69+25]
	RtlInitializeExceptionChain [0x7761BB9B+107]
	RtlClearBits [0x7761BB1F+191]
">
      <![CDATA[org.openqa.selenium.SessionNotCreatedException: session not created: This version of ChromeDriver only supports Chrome version 86
Current browser version is 110.0.5481.104 with binary path C:\Program Files\Google\Chrome\Application\chrome.exe
Build info: version: '3.141.59', revision: 'e82be7d358', time: '2018-11-14T08:17:03'
System info: host: 'LAPTOP-KFN7P21J', ip: '192.168.1.6', os.name: 'Windows 10', os.arch: 'amd64', os.version: '10.0', java.version: '17.0.1'
Driver info: driver.version: ChromeDriver
remote stacktrace: Backtrace:
Ordinal0 [0x012BC013+3194899]
Ordinal0 [0x011A6021+2056225]
Ordinal0 [0x0103F608+587272]
Ordinal0 [0x00FC1BF3+72691]
Ordinal0 [0x00FBE229+57897]
Ordinal0 [0x00FBC64A+50762]
Ordinal0 [0x00FE1EE9+204521]
Ordinal0 [0x00FE1D0D+204045]
Ordinal0 [0x00FDFC1B+195611]
Ordinal0 [0x00FC3B7F+80767]
Ordinal0 [0x00FC4B4E+84814]
Ordinal0 [0x00FC4AD9+84697]
Ordinal0 [0x011BCE64+2149988]
GetHandleVerifier [0x0142BE95+1400773]
GetHandleVerifier [0x0142BB61+1399953]
GetHandleVerifier [0x014331FA+1430314]
GetHandleVerifier [0x0142C69F+1402831]
Ordinal0 [0x011B3D61+2112865]
Ordinal0 [0x011BE5CB+2155979]
Ordinal0 [0x011BE6F5+2156277]
Ordinal0 [0x011CF26E+2224750]
BaseThreadInitThunk [0x75CD7D69+25]
RtlInitializeExceptionChain [0x7761BB9B+107]
RtlClearBits [0x7761BB1F+191]

at java.base/jdk.internal.reflect.NativeConstructorAccessorImpl.newInstance0(Native Method)
at java.base/jdk.internal.reflect.NativeConstructorAccessorImpl.newInstance(NativeConstructorAccessorImpl.java:77)
at java.base/jdk.internal.reflect.DelegatingConstructorAccessorImpl.newInstance(DelegatingConstructorAccessorImpl.java:45)
at java.base/java.lang.reflect.Constructor.newInstanceWithCaller(Constructor.java:499)
at java.base/java.lang.reflect.Constructor.newInstance(Constructor.java:480)
at org.openqa.selenium.remote.W3CHandshakeResponse.lambda$errorHandler$0(W3CHandshakeResponse.java:62)
at org.openqa.selenium.remote.HandshakeResponse.lambda$getResponseFunction$0(HandshakeResponse.java:30)
at org.openqa.selenium.remote.ProtocolHandshake.lambda$createSession$0(ProtocolHandshake.java:126)
at java.base/java.util.stream.ReferencePipeline$3$1.accept(ReferencePipeline.java:197)
at java.base/java.util.Spliterators$ArraySpliterator.tryAdvance(Spliterators.java:1002)
at java.base/java.util.stream.ReferencePipeline.forEachWithCancel(ReferencePipeline.java:129)
at java.base/java.util.stream.AbstractPipeline.copyIntoWithCancel(AbstractPipeline.java:527)
at java.base/java.util.stream.AbstractPipeline.copyInto(AbstractPipeline.java:513)
at java.base/java.util.stream.AbstractPipeline.wrapAndCopyInto(AbstractPipeline.java:499)
at java.base/java.util.stream.FindOps$FindOp.evaluateSequential(FindOps.java:150)
at java.base/java.util.stream.AbstractPipeline.evaluate(AbstractPipeline.java:234)
at java.base/java.util.stream.ReferencePipeline.findFirst(ReferencePipeline.java:647)
at org.openqa.selenium.remote.ProtocolHandshake.createSession(ProtocolHandshake.java:128)
at org.openqa.selenium.remote.ProtocolHandshake.createSession(ProtocolHandshake.java:74)
at org.openqa.selenium.remote.HttpCommandExecutor.execute(HttpCommandExecutor.java:136)
at org.openqa.selenium.remote.service.DriverCommandExecutor.execute(DriverCommandExecutor.java:83)
at org.openqa.selenium.remote.RemoteWebDriver.execute(RemoteWebDriver.java:552)
at org.openqa.selenium.remote.RemoteWebDriver.startSession(RemoteWebDriver.java:213)
at org.openqa.selenium.remote.RemoteWebDriver.<init>(RemoteWebDriver.java:131)
at org.openqa.selenium.chrome.ChromeDriver.<init>(ChromeDriver.java:181)
at org.openqa.selenium.chrome.ChromeDriver.<init>(ChromeDriver.java:168)
at org.openqa.selenium.chrome.ChromeDriver.<init>(ChromeDriver.java:123)
at util.BrowserFactory.LaunchBrowser(BrowserFactory.java:20)
at tests.VerifyErrorMessagesForMandatoryFields.StartBrowser(VerifyErrorMessagesForMandatoryFields.java:29)
at java.base/jdk.internal.reflect.NativeMethodAccessorImpl.invoke0(Native Method)
at java.base/jdk.internal.reflect.NativeMethodAccessorImpl.invoke(NativeMethodAccessorImpl.java:77)
at java.base/jdk.internal.reflect.DelegatingMethodAccessorImpl.invoke(DelegatingMethodAccessorImpl.java:43)
at java.base/java.lang.reflect.Method.invoke(Method.java:568)
at org.testng.internal.MethodInvocationHelper.invokeMethod(MethodInvocationHelper.java:133)
at org.testng.internal.MethodInvocationHelper.invokeMethodConsideringTimeout(MethodInvocationHelper.java:62)
at org.testng.internal.ConfigInvoker.invokeConfigurationMethod(ConfigInvoker.java:385)
at org.testng.internal.ConfigInvoker.invokeConfigurations(ConfigInvoker.java:321)
at org.testng.internal.TestInvoker.runConfigMethods(TestInvoker.java:700)
at org.testng.internal.TestInvoker.invokeMethod(TestInvoker.java:527)
at org.testng.internal.TestInvoker.invokeTestMethod(TestInvoker.java:173)
at org.testng.internal.MethodRunner.runInSequence(MethodRunner.java:46)
at org.testng.internal.TestInvoker$MethodInvocationAgent.invoke(TestInvoker.java:824)
at org.testng.internal.TestInvoker.invokeTestMethods(TestInvoker.java:146)
at org.testng.internal.TestMethodWorker.invokeTestMethods(TestMethodWorker.java:146)
at org.testng.internal.TestMethodWorker.run(TestMethodWorker.java:128)
at java.base/java.util.ArrayList.forEach(ArrayList.java:1511)
at org.testng.TestRunner.privateRun(TestRunner.java:794)
at org.testng.TestRunner.run(TestRunner.java:596)
at org.testng.SuiteRunner.runTest(SuiteRunner.java:377)
at org.testng.SuiteRunner.runSequentially(SuiteRunner.java:371)
at org.testng.SuiteRunner.privateRun(SuiteRunner.java:332)
at org.testng.SuiteRunner.run(SuiteRunner.java:276)
at org.testng.SuiteRunnerWorker.runSuite(SuiteRunnerWorker.java:53)
at org.testng.SuiteRunnerWorker.run(SuiteRunnerWorker.java:96)
at org.testng.TestNG.runSuitesSequentially(TestNG.java:1212)
at org.testng.TestNG.runSuitesLocally(TestNG.java:1134)
at org.testng.TestNG.runSuites(TestNG.java:1063)
at org.testng.TestNG.run(TestNG.java:1031)
at org.testng.remote.AbstractRemoteTestNG.run(AbstractRemoteTestNG.java:115)
at org.testng.remote.RemoteTestNG.initAndRun(RemoteTestNG.java:251)
at org.testng.remote.RemoteTestNG.main(RemoteTestNG.java:77)
]]>
    </failure>
  </testcase> <!-- @BeforeMethod StartBrowser -->
  <testcase classname="tests.VerifyErrorMessagesForMandatoryFields" name="@AfterMethod CloseBrowser" time="-1.677051766963E9">
    <skipped/>
  </testcase> <!-- @AfterMethod CloseBrowser -->
  <testcase classname="tests.BuyOrderFunctionality" name="TestBuyOrderFunctionality" time="0.0">
    <skipped/>
  </testcase> <!-- TestBuyOrderFunctionality -->
  <testcase classname="tests.VerifyInvalidEmailAddressError" name="TestVerifyInvalidEmailAddressError" time="0.0">
    <skipped/>
  </testcase> <!-- TestVerifyInvalidEmailAddressError -->
  <testcase classname="tests.UserRegistrationProcess" name="TestUserRegistrationProcess" time="0.0">
    <skipped/>
  </testcase> <!-- TestUserRegistrationProcess -->
  <testcase classname="tests.CorrectTotalPrice" name="TestCorrectTotalPrice" time="0.0">
    <skipped/>
  </testcase> <!-- TestCorrectTotalPrice -->
  <testcase classname="tests.ClickFirstMenuLinkAndPrintPageTitle" name="ClickFirstMenuLinkAndPrintPageTitleTest" time="0.0">
    <skipped/>
  </testcase> <!-- ClickFirstMenuLinkAndPrintPageTitleTest -->
  <testcase classname="tests.WishListWorksAfterLogin" name="TestWishListWorksAfterLohin" time="0.0">
    <skipped/>
  </testcase> <!-- TestWishListWorksAfterLohin -->
  <testcase classname="tests.VerifyErrorMessagesForMandatoryFields" name="TestVerifyErrorMessagesForMandatoryFields" time="0.0">
    <skipped/>
  </testcase> <!-- TestVerifyErrorMessagesForMandatoryFields -->
</testsuite> <!-- Default test -->
